<?xml version="1.0" encoding="utf-8"?><testsuites name="pytest tests"><testsuite name="pytest" errors="0" failures="0" skipped="0" tests="9" time="1.501" timestamp="2026-06-30T15:13:22.802123+00:00" hostname="agent-env-c5d329df-c74d-4614-b3a4-bb0e24773b92"><testcase classname="tests.test_iteration3.TestDevSetLevel" name="test_set_level_7_seeds_streak_and_activity" time="0.647" /><testcase classname="tests.test_iteration3.TestDevSetLevel" name="test_set_level_10_seeds_longer_history" time="0.054" /><testcase classname="tests.test_iteration3.TestDevSetLevel" name="test_set_level_12_clamps_to_10" time="0.053" /><testcase classname="tests.test_iteration3.TestDevSetLevel" name="test_set_level_1_baseline" time="0.048" /><testcase classname="tests.test_iteration3.TestGroupsLockstep" name="test_groups_list_exposes_min_level_niche_can_video" time="0.102" /><testcase classname="tests.test_iteration3.TestGroupsLockstep" name="test_g3_detail_lockstep_message_at_L7" time="0.097" /><testcase classname="tests.test_iteration3.TestGroupsLockstep" name="test_g3_detail_unlocked_at_L10" time="0.101" /><testcase classname="tests.test_iteration3.TestCertificatesScheme" name="test_certificates_at_L10_returns_all_three_levels" time="0.101" /><testcase classname="tests.test_iteration3.TestCertificatesScheme" name="test_certificates_at_L1_locks_all_achievements" time="0.124" /></testsuite></testsuites>