<?xml version="1.0" encoding="utf-8"?><testsuites name="pytest tests"><testsuite name="pytest" errors="0" failures="0" skipped="0" tests="23" time="4.908" timestamp="2026-06-30T14:37:42.761585+00:00" hostname="agent-env-c5d329df-c74d-4614-b3a4-bb0e24773b92"><testcase classname="tests.backend_test.TestHealth" name="test_root_ok" time="0.204" /><testcase classname="tests.backend_test.TestAuth" name="test_register_returns_token_and_user" time="0.273" /><testcase classname="tests.backend_test.TestAuth" name="test_register_duplicate_email_returns_400" time="0.058" /><testcase classname="tests.backend_test.TestAuth" name="test_login_success" time="0.270" /><testcase classname="tests.backend_test.TestAuth" name="test_login_wrong_password_returns_401" time="0.611" /><testcase classname="tests.backend_test.TestAuth" name="test_me_with_token_returns_user" time="0.048" /><testcase classname="tests.backend_test.TestAuth" name="test_me_without_token_returns_401" time="0.158" /><testcase classname="tests.backend_test.TestOnboarding" name="test_onboarding_marks_complete" time="0.053" /><testcase classname="tests.backend_test.TestRoadmap" name="test_roadmap_returns_steps_and_progress" time="0.470" /><testcase classname="tests.backend_test.TestProblems" name="test_list_problems" time="0.047" /><testcase classname="tests.backend_test.TestProblems" name="test_get_problem_detail" time="0.075" /><testcase classname="tests.backend_test.TestProblems" name="test_get_problem_not_found" time="0.050" /><testcase classname="tests.backend_test.TestProblems" name="test_solve_problem_increments_xp_and_streak" time="0.050" /><testcase classname="tests.backend_test.TestProblems" name="test_solve_invalid_problem_404" time="0.098" /><testcase classname="tests.backend_test.TestPerformance" name="test_performance_chart" time="0.225" /><testcase classname="tests.backend_test.TestContests" name="test_list_contests" time="0.085" /><testcase classname="tests.backend_test.TestGroups" name="test_list_groups" time="0.051" /><testcase classname="tests.backend_test.TestGroups" name="test_get_group_detail" time="0.052" /><testcase classname="tests.backend_test.TestGroups" name="test_post_group_chat_persists" time="0.092" /><testcase classname="tests.backend_test.TestMentors" name="test_list_mentors" time="0.054" /><testcase classname="tests.backend_test.TestConnect" name="test_connect_locked_for_low_level" time="0.049" /><testcase classname="tests.backend_test.TestConnect" name="test_connect_match_blocked_below_level_5" time="0.064" /><testcase classname="tests.backend_test.TestAIChat" name="test_ai_chat_streams_text" time="1.702" /></testsuite></testsuites>